0 info it worked if it ends with ok
1 verbose cli [ '/Users/Devoloping/.nvm/versions/node/v6.2.0/bin/node',
1 verbose cli   '/Users/Devoloping/.nvm/versions/node/v6.2.0/bin/npm',
1 verbose cli   'run',
1 verbose cli   'test:karma' ]
2 info using npm@3.8.9
3 info using node@v6.2.0
4 verbose run-script [ 'pretest:karma', 'test:karma', 'posttest:karma' ]
5 info lifecycle game-of-life@1.0.0~pretest:karma: game-of-life@1.0.0
6 silly lifecycle game-of-life@1.0.0~pretest:karma: no script for pretest:karma, continuing
7 info lifecycle game-of-life@1.0.0~test:karma: game-of-life@1.0.0
8 verbose lifecycle game-of-life@1.0.0~test:karma: unsafe-perm in lifecycle true
9 verbose lifecycle game-of-life@1.0.0~test:karma: PATH: /Users/Devoloping/.nvm/versions/node/v6.2.0/lib/node_modules/npm/bin/node-gyp-bin:/Users/Devoloping/Desktop/gameOfLife/node_modules/.bin:/Users/Devoloping/.nvm/versions/node/v6.2.0/bin:/Users/Devoloping/.nvm/versions/node/v6.2.0/bin:/Users/Devoloping/.rbenv/shims:/Users/Devoloping/bin:/Users/Devoloping/bin:/Users/Devoloping/.rbenv/shims:/Users/Devoloping/.rbenv/bin:/usr/local/bin:/usr/bin:/bin:/usr/sbin:/sbin
10 verbose lifecycle game-of-life@1.0.0~test:karma: CWD: /Users/Devoloping/Desktop/gameOfLife
11 silly lifecycle game-of-life@1.0.0~test:karma: Args: [ '-c', 'karma run' ]
12 silly lifecycle game-of-life@1.0.0~test:karma: Returned: code: 1  signal: null
13 info lifecycle game-of-life@1.0.0~test:karma: Failed to exec test:karma script
14 verbose stack Error: game-of-life@1.0.0 test:karma: `karma run`
14 verbose stack Exit status 1
14 verbose stack     at EventEmitter.<anonymous> (/Users/Devoloping/.nvm/versions/node/v6.2.0/lib/node_modules/npm/lib/utils/lifecycle.js:245:16)
14 verbose stack     at emitTwo (events.js:106:13)
14 verbose stack     at EventEmitter.emit (events.js:191:7)
14 verbose stack     at ChildProcess.<anonymous> (/Users/Devoloping/.nvm/versions/node/v6.2.0/lib/node_modules/npm/lib/utils/spawn.js:24:14)
14 verbose stack     at emitTwo (events.js:106:13)
14 verbose stack     at ChildProcess.emit (events.js:191:7)
14 verbose stack     at maybeClose (internal/child_process.js:850:16)
14 verbose stack     at Process.ChildProcess._handle.onexit (internal/child_process.js:215:5)
15 verbose pkgid game-of-life@1.0.0
16 verbose cwd /Users/Devoloping/Desktop/gameOfLife
17 error Darwin 15.5.0
18 error argv "/Users/Devoloping/.nvm/versions/node/v6.2.0/bin/node" "/Users/Devoloping/.nvm/versions/node/v6.2.0/bin/npm" "run" "test:karma"
19 error node v6.2.0
20 error npm  v3.8.9
21 error code ELIFECYCLE
22 error game-of-life@1.0.0 test:karma: `karma run`
22 error Exit status 1
23 error Failed at the game-of-life@1.0.0 test:karma script 'karma run'.
23 error Make sure you have the latest version of node.js and npm installed.
23 error If you do, this is most likely a problem with the game-of-life package,
23 error not with npm itself.
23 error Tell the author that this fails on your system:
23 error     karma run
23 error You can get information on how to open an issue for this project with:
23 error     npm bugs game-of-life
23 error Or if that isn't available, you can get their info via:
23 error     npm owner ls game-of-life
23 error There is likely additional logging output above.
24 verbose exit [ 1, true ]
